2019-10-29 19:45:00,751 test_excel_userlogin.py[line:19]INFO======用户登陆功能测试=============
2019-10-29 19:45:00,809 test_excel_userlogin.py[line:30]INFO<h1>登录成功</h1>
2019-10-29 19:45:00,811 test_excel_userlogin.py[line:19]INFO======用户登陆功能测试=============
2019-10-29 19:45:00,857 test_excel_userlogin.py[line:30]INFO<h1>失败，用户名或密码错误</h1>
2019-10-29 19:45:00,858 test_excel_userlogin.py[line:19]INFO======用户登陆功能测试=============
2019-10-29 19:45:00,925 test_excel_userlogin.py[line:30]INFO<h1>登录成功</h1>
2019-10-29 20:20:35,413 test_excel_userlogin.py[line:20]INFO======用户登陆功能测试=============
2019-10-29 20:20:35,490 test_excel_userlogin.py[line:31]INFO<h1>登录成功</h1>
2019-10-29 20:20:35,491 test_excel_userlogin.py[line:20]INFO======用户登陆功能测试=============
2019-10-29 20:20:35,542 test_excel_userlogin.py[line:31]INFO<h1>失败，用户名或密码错误</h1>
2019-10-29 20:20:35,543 test_excel_userlogin.py[line:20]INFO======用户登陆功能测试=============
2019-10-29 20:20:35,592 test_excel_userlogin.py[line:31]INFO<h1>登录成功</h1>
2019-10-29 20:22:08,193 test_excel_userlogin.py[line:20]INFO======用户登陆功能测试=============
2019-10-29 20:22:08,265 test_excel_userlogin.py[line:31]INFO<h1>登录成功</h1>
2019-10-29 20:22:08,266 test_excel_userlogin.py[line:20]INFO======用户登陆功能测试=============
2019-10-29 20:22:08,310 test_excel_userlogin.py[line:31]INFO<h1>失败，用户名或密码错误</h1>
2019-10-29 20:22:08,313 test_excel_userlogin.py[line:20]INFO======用户登陆功能测试=============
2019-10-29 20:22:08,357 test_excel_userlogin.py[line:31]INFO<h1>登录成功</h1>
2019-10-29 20:29:01,532 test_excel_userlogin.py[line:20]INFO======用户登陆功能测试=============
2019-10-29 20:29:01,622 test_excel_userlogin.py[line:31]INFO<h1>登录成功</h1>
2019-10-29 20:29:01,625 test_excel_userlogin.py[line:20]INFO======用户登陆功能测试=============
2019-10-29 20:29:01,671 test_excel_userlogin.py[line:31]INFO<h1>失败，用户名或密码错误</h1>
2019-10-29 20:29:01,674 test_excel_userlogin.py[line:20]INFO======用户登陆功能测试=============
2019-10-29 20:29:01,725 test_excel_userlogin.py[line:31]INFO<h1>登录成功</h1>
2019-10-30 14:46:57,185 test_excel_userlogin.py[line:20]INFO======用户登陆功能测试=============
2019-10-30 14:46:57,234 test_excel_userlogin.py[line:31]INFO<h1>登录成功</h1>
2019-10-30 14:46:57,236 test_excel_userlogin.py[line:20]INFO======用户登陆功能测试=============
2019-10-30 14:46:57,307 test_excel_userlogin.py[line:31]INFO<h1>失败，用户名或密码错误</h1>
2019-10-30 14:46:57,309 test_excel_userlogin.py[line:20]INFO======用户登陆功能测试=============
2019-10-30 14:46:57,365 test_excel_userlogin.py[line:31]INFO<h1>登录成功</h1>
2019-10-30 15:23:20,419 test_excel_userlogin.py[line:20]INFO======用户登陆功能测试=============
2019-10-30 15:23:20,462 test_excel_userlogin.py[line:30]INFO<h1>登录成功</h1>
2019-10-30 15:23:20,464 test_excel_userlogin.py[line:20]INFO======用户登陆功能测试=============
2019-10-30 15:23:20,524 test_excel_userlogin.py[line:30]INFO<h1>失败，用户名或密码错误</h1>
2019-10-30 15:23:20,525 test_excel_userlogin.py[line:20]INFO======用户登陆功能测试=============
2019-10-30 15:23:20,580 test_excel_userlogin.py[line:30]INFO<h1>登录成功</h1>
2019-10-30 16:51:01,486 test_excel_userlogin.py[line:21]INFO======用户登陆功能测试=============
2019-10-30 16:51:01,566 test_excel_userlogin.py[line:31]INFO<h1>登录成功</h1>
2019-10-30 16:51:01,568 test_excel_userlogin.py[line:21]INFO======用户登陆功能测试=============
2019-10-30 16:51:01,619 test_excel_userlogin.py[line:31]INFO<h1>失败，用户名或密码错误</h1>
2019-10-30 16:51:01,620 test_excel_userlogin.py[line:21]INFO======用户登陆功能测试=============
2019-10-30 16:51:01,685 test_excel_userlogin.py[line:31]INFO<h1>登录成功</h1>
2019-10-30 19:12:30,489 test_excel_userlogin.py[line:20]INFO======用户登陆功能测试=============
2019-10-30 19:12:30,579 test_excel_userlogin.py[line:30]INFO<h1>登录成功</h1>
2019-10-30 19:12:30,581 test_excel_userlogin.py[line:20]INFO======用户登陆功能测试=============
2019-10-30 19:12:30,622 test_excel_userlogin.py[line:30]INFO<h1>失败，用户名或密码错误</h1>
2019-10-30 19:12:30,624 test_excel_userlogin.py[line:20]INFO======用户登陆功能测试=============
2019-10-30 19:12:30,665 test_excel_userlogin.py[line:30]INFO<h1>登录成功</h1>
2019-10-30 20:56:53,261 test_excel_userlogin.py[line:20]INFO======用户登陆功能测试=============
2019-10-30 20:56:53,332 test_excel_userlogin.py[line:30]INFO<h1>登录成功</h1>
2019-10-30 20:56:53,334 test_excel_userlogin.py[line:20]INFO======用户登陆功能测试=============
2019-10-30 20:56:53,393 test_excel_userlogin.py[line:30]INFO<h1>失败，用户名或密码错误</h1>
2019-10-30 20:56:53,396 test_excel_userlogin.py[line:20]INFO======用户登陆功能测试=============
2019-10-30 20:56:53,447 test_excel_userlogin.py[line:30]INFO<h1>登录成功</h1>
2019-10-30 20:56:54,766 test_excel_userlogin.py[line:20]INFO======用户登陆功能测试=============
2019-10-30 20:56:54,832 test_excel_userlogin.py[line:30]INFO<h1>登录成功</h1>
2019-10-30 20:56:54,836 test_excel_userlogin.py[line:20]INFO======用户登陆功能测试=============
2019-10-30 20:56:54,883 test_excel_userlogin.py[line:30]INFO<h1>失败，用户名或密码错误</h1>
2019-10-30 20:56:54,885 test_excel_userlogin.py[line:20]INFO======用户登陆功能测试=============
2019-10-30 20:56:54,947 test_excel_userlogin.py[line:30]INFO<h1>登录成功</h1>
2019-11-05 15:48:27,507 test_excel_userlogin.py[line:20]INFO======用户登陆功能测试=============
2019-11-05 15:48:27,577 test_excel_userlogin.py[line:30]INFO<h1>登录成功</h1>
2019-11-05 15:48:27,579 test_excel_userlogin.py[line:20]INFO======用户登陆功能测试=============
2019-11-05 15:48:27,635 test_excel_userlogin.py[line:30]INFO<h1>失败，用户名或密码错误</h1>
2019-11-05 15:48:27,638 test_excel_userlogin.py[line:20]INFO======用户登陆功能测试=============
2019-11-05 15:48:27,692 test_excel_userlogin.py[line:30]INFO<h1>登录成功</h1>
2019-11-05 15:48:28,653 test_excel_userlogin.py[line:20]INFO======用户登陆功能测试=============
2019-11-05 15:48:28,699 test_excel_userlogin.py[line:30]INFO<h1>登录成功</h1>
2019-11-05 15:48:28,700 test_excel_userlogin.py[line:20]INFO======用户登陆功能测试=============
2019-11-05 15:48:28,752 test_excel_userlogin.py[line:30]INFO<h1>失败，用户名或密码错误</h1>
2019-11-05 15:48:28,754 test_excel_userlogin.py[line:20]INFO======用户登陆功能测试=============
2019-11-05 15:48:28,814 test_excel_userlogin.py[line:30]INFO<h1>登录成功</h1>
2019-11-05 16:02:50,604 test_excel_userlogin.py[line:20]INFO======用户登陆功能测试=============
2019-11-05 16:02:50,679 test_excel_userlogin.py[line:30]INFO<h1>登录成功</h1>
2019-11-05 16:02:50,681 test_excel_userlogin.py[line:20]INFO======用户登陆功能测试=============
2019-11-05 16:02:50,742 test_excel_userlogin.py[line:30]INFO<h1>失败，用户名或密码错误</h1>
2019-11-05 16:02:50,743 test_excel_userlogin.py[line:20]INFO======用户登陆功能测试=============
2019-11-05 16:02:50,790 test_excel_userlogin.py[line:30]INFO<h1>登录成功</h1>
2019-11-05 16:02:51,757 test_excel_userlogin.py[line:20]INFO======用户登陆功能测试=============
2019-11-05 16:02:51,800 test_excel_userlogin.py[line:30]INFO<h1>登录成功</h1>
2019-11-05 16:02:51,802 test_excel_userlogin.py[line:20]INFO======用户登陆功能测试=============
2019-11-05 16:02:51,853 test_excel_userlogin.py[line:30]INFO<h1>失败，用户名或密码错误</h1>
2019-11-05 16:02:51,855 test_excel_userlogin.py[line:20]INFO======用户登陆功能测试=============
2019-11-05 16:02:51,921 test_excel_userlogin.py[line:30]INFO<h1>登录成功</h1>
2019-11-05 16:08:01,828 test_excel_userlogin.py[line:20]INFO======用户登陆功能测试=============
2019-11-05 16:08:01,904 test_excel_userlogin.py[line:30]INFO<h1>登录成功</h1>
2019-11-05 16:08:01,906 test_excel_userlogin.py[line:20]INFO======用户登陆功能测试=============
2019-11-05 16:08:01,970 test_excel_userlogin.py[line:30]INFO<h1>失败，用户名或密码错误</h1>
2019-11-05 16:08:01,972 test_excel_userlogin.py[line:20]INFO======用户登陆功能测试=============
2019-11-05 16:08:02,019 test_excel_userlogin.py[line:30]INFO<h1>登录成功</h1>
2019-11-05 16:08:02,975 test_excel_userlogin.py[line:20]INFO======用户登陆功能测试=============
2019-11-05 16:08:03,024 test_excel_userlogin.py[line:30]INFO<h1>登录成功</h1>
2019-11-05 16:08:03,027 test_excel_userlogin.py[line:20]INFO======用户登陆功能测试=============
2019-11-05 16:08:03,074 test_excel_userlogin.py[line:30]INFO<h1>失败，用户名或密码错误</h1>
2019-11-05 16:08:03,078 test_excel_userlogin.py[line:20]INFO======用户登陆功能测试=============
2019-11-05 16:08:03,148 test_excel_userlogin.py[line:30]INFO<h1>登录成功</h1>
2019-11-05 16:10:06,113 test_excel_userlogin.py[line:20]INFO======用户登陆功能测试=============
2019-11-05 16:10:06,192 test_excel_userlogin.py[line:30]INFO<h1>登录成功</h1>
2019-11-05 16:10:06,193 test_excel_userlogin.py[line:20]INFO======用户登陆功能测试=============
2019-11-05 16:10:06,239 test_excel_userlogin.py[line:30]INFO<h1>失败，用户名或密码错误</h1>
2019-11-05 16:10:06,242 test_excel_userlogin.py[line:20]INFO======用户登陆功能测试=============
2019-11-05 16:10:06,296 test_excel_userlogin.py[line:30]INFO<h1>登录成功</h1>
2019-11-05 16:10:07,164 test_excel_userlogin.py[line:20]INFO======用户登陆功能测试=============
2019-11-05 16:10:07,209 test_excel_userlogin.py[line:30]INFO<h1>登录成功</h1>
2019-11-05 16:10:07,211 test_excel_userlogin.py[line:20]INFO======用户登陆功能测试=============
2019-11-05 16:10:07,251 test_excel_userlogin.py[line:30]INFO<h1>失败，用户名或密码错误</h1>
2019-11-05 16:10:07,254 test_excel_userlogin.py[line:20]INFO======用户登陆功能测试=============
2019-11-05 16:10:07,307 test_excel_userlogin.py[line:30]INFO<h1>登录成功</h1>
2019-11-05 16:18:29,822 test_excel_userlogin.py[line:20]INFO======用户登陆功能测试=============
2019-11-05 16:18:29,897 test_excel_userlogin.py[line:30]INFO<h1>登录成功</h1>
2019-11-05 16:18:29,900 test_excel_userlogin.py[line:20]INFO======用户登陆功能测试=============
2019-11-05 16:18:29,957 test_excel_userlogin.py[line:30]INFO<h1>失败，用户名或密码错误</h1>
2019-11-05 16:18:29,958 test_excel_userlogin.py[line:20]INFO======用户登陆功能测试=============
2019-11-05 16:18:30,001 test_excel_userlogin.py[line:30]INFO<h1>登录成功</h1>
2019-11-05 16:18:30,858 test_excel_userlogin.py[line:20]INFO======用户登陆功能测试=============
2019-11-05 16:18:30,911 test_excel_userlogin.py[line:30]INFO<h1>登录成功</h1>
2019-11-05 16:18:30,914 test_excel_userlogin.py[line:20]INFO======用户登陆功能测试=============
2019-11-05 16:18:30,995 test_excel_userlogin.py[line:30]INFO<h1>失败，用户名或密码错误</h1>
2019-11-05 16:18:30,997 test_excel_userlogin.py[line:20]INFO======用户登陆功能测试=============
2019-11-05 16:18:31,053 test_excel_userlogin.py[line:30]INFO<h1>登录成功</h1>
2019-11-05 16:21:54,734 test_excel_userlogin.py[line:20]INFO======用户登陆功能测试=============
2019-11-05 16:21:54,790 test_excel_userlogin.py[line:30]INFO<h1>登录成功</h1>
2019-11-05 16:21:54,791 test_excel_userlogin.py[line:20]INFO======用户登陆功能测试=============
2019-11-05 16:21:54,858 test_excel_userlogin.py[line:30]INFO<h1>失败，用户名或密码错误</h1>
2019-11-05 16:21:54,860 test_excel_userlogin.py[line:20]INFO======用户登陆功能测试=============
2019-11-05 16:21:54,927 test_excel_userlogin.py[line:30]INFO<h1>登录成功</h1>
2019-11-05 16:21:55,850 test_excel_userlogin.py[line:20]INFO======用户登陆功能测试=============
2019-11-05 16:21:55,905 test_excel_userlogin.py[line:30]INFO<h1>登录成功</h1>
2019-11-05 16:21:55,908 test_excel_userlogin.py[line:20]INFO======用户登陆功能测试=============
2019-11-05 16:21:55,952 test_excel_userlogin.py[line:30]INFO<h1>失败，用户名或密码错误</h1>
2019-11-05 16:21:55,956 test_excel_userlogin.py[line:20]INFO======用户登陆功能测试=============
2019-11-05 16:21:56,001 test_excel_userlogin.py[line:30]INFO<h1>登录成功</h1>
2019-11-05 16:23:37,454 test_excel_userlogin.py[line:20]INFO======用户登陆功能测试=============
2019-11-05 16:23:37,525 test_excel_userlogin.py[line:30]INFO<h1>登录成功</h1>
2019-11-05 16:23:37,527 test_excel_userlogin.py[line:20]INFO======用户登陆功能测试=============
2019-11-05 16:23:37,570 test_excel_userlogin.py[line:30]INFO<h1>失败，用户名或密码错误</h1>
2019-11-05 16:23:37,572 test_excel_userlogin.py[line:20]INFO======用户登陆功能测试=============
2019-11-05 16:23:37,617 test_excel_userlogin.py[line:30]INFO<h1>登录成功</h1>
2019-11-05 16:23:38,696 test_excel_userlogin.py[line:20]INFO======用户登陆功能测试=============
2019-11-05 16:23:38,751 test_excel_userlogin.py[line:30]INFO<h1>登录成功</h1>
2019-11-05 16:23:38,752 test_excel_userlogin.py[line:20]INFO======用户登陆功能测试=============
2019-11-05 16:23:38,802 test_excel_userlogin.py[line:30]INFO<h1>失败，用户名或密码错误</h1>
2019-11-05 16:23:38,805 test_excel_userlogin.py[line:20]INFO======用户登陆功能测试=============
2019-11-05 16:23:38,859 test_excel_userlogin.py[line:30]INFO<h1>登录成功</h1>
2019-11-05 16:32:05,517 test_excel_userlogin.py[line:20]INFO======用户登陆功能测试=============
2019-11-05 16:32:05,612 test_excel_userlogin.py[line:30]INFO<h1>登录成功</h1>
2019-11-05 16:32:05,613 test_excel_userlogin.py[line:20]INFO======用户登陆功能测试=============
2019-11-05 16:32:05,692 test_excel_userlogin.py[line:30]INFO<h1>失败，用户名或密码错误</h1>
2019-11-05 16:32:05,693 test_excel_userlogin.py[line:20]INFO======用户登陆功能测试=============
2019-11-05 16:32:05,737 test_excel_userlogin.py[line:30]INFO<h1>登录成功</h1>
2019-11-05 16:32:06,689 test_excel_userlogin.py[line:20]INFO======用户登陆功能测试=============
2019-11-05 16:32:06,753 test_excel_userlogin.py[line:30]INFO<h1>登录成功</h1>
2019-11-05 16:32:06,755 test_excel_userlogin.py[line:20]INFO======用户登陆功能测试=============
2019-11-05 16:32:06,798 test_excel_userlogin.py[line:30]INFO<h1>失败，用户名或密码错误</h1>
2019-11-05 16:32:06,799 test_excel_userlogin.py[line:20]INFO======用户登陆功能测试=============
2019-11-05 16:32:06,873 test_excel_userlogin.py[line:30]INFO<h1>登录成功</h1>
2019-11-06 18:58:06,100 test_excel_userlogin.py[line:20]INFO======用户登陆功能测试=============
2019-11-06 18:58:06,141 test_excel_userlogin.py[line:30]INFO<h1>登录成功</h1>
2019-11-06 18:58:06,143 test_excel_userlogin.py[line:20]INFO======用户登陆功能测试=============
2019-11-06 18:58:06,203 test_excel_userlogin.py[line:30]INFO<h1>失败，用户名或密码错误</h1>
2019-11-06 18:58:06,206 test_excel_userlogin.py[line:20]INFO======用户登陆功能测试=============
2019-11-06 18:58:06,251 test_excel_userlogin.py[line:30]INFO<h1>登录成功</h1>
2019-11-06 18:58:07,192 test_excel_userlogin.py[line:20]INFO======用户登陆功能测试=============
2019-11-06 18:58:07,240 test_excel_userlogin.py[line:30]INFO<h1>登录成功</h1>
2019-11-06 18:58:07,242 test_excel_userlogin.py[line:20]INFO======用户登陆功能测试=============
2019-11-06 18:58:07,300 test_excel_userlogin.py[line:30]INFO<h1>失败，用户名或密码错误</h1>
2019-11-06 18:58:07,303 test_excel_userlogin.py[line:20]INFO======用户登陆功能测试=============
2019-11-06 18:58:07,361 test_excel_userlogin.py[line:30]INFO<h1>登录成功</h1>
2020-03-05 16:07:42,775 test_excel_userlogin.py[line:20]INFO======用户登陆功能测试=============
2020-03-05 16:07:42,890 test_excel_userlogin.py[line:30]INFO<h1>登录成功</h1>
2020-03-05 16:07:42,894 test_excel_userlogin.py[line:20]INFO======用户登陆功能测试=============
2020-03-05 16:07:42,951 test_excel_userlogin.py[line:30]INFO<h1>失败，用户名或密码错误</h1>
2020-03-05 16:07:42,957 test_excel_userlogin.py[line:20]INFO======用户登陆功能测试=============
2020-03-05 16:07:43,019 test_excel_userlogin.py[line:30]INFO<h1>登录成功</h1>
2020-03-05 16:08:04,839 test_excel_userlogin.py[line:20]INFO======用户登陆功能测试=============
2020-03-05 16:08:04,902 test_excel_userlogin.py[line:30]INFO<h1>请求数据为空</h1>
2020-03-05 16:08:04,976 test_excel_userlogin.py[line:20]INFO======用户登陆功能测试=============
2020-03-05 16:08:05,018 test_excel_userlogin.py[line:30]INFO<h1>请求数据为空</h1>
2020-03-05 16:08:05,024 test_excel_userlogin.py[line:20]INFO======用户登陆功能测试=============
2020-03-05 16:08:05,082 test_excel_userlogin.py[line:30]INFO<h1>请求数据为空</h1>
2020-03-05 16:09:51,375 test_excel_userlogin.py[line:20]INFO======用户登陆功能测试=============
2020-03-05 16:09:51,455 test_excel_userlogin.py[line:30]INFO<h1>登录成功</h1>
2020-03-05 16:09:51,459 test_excel_userlogin.py[line:20]INFO======用户登陆功能测试=============
2020-03-05 16:09:51,505 test_excel_userlogin.py[line:30]INFO<h1>失败，用户名或密码错误</h1>
2020-03-05 16:09:51,511 test_excel_userlogin.py[line:20]INFO======用户登陆功能测试=============
2020-03-05 16:09:51,559 test_excel_userlogin.py[line:30]INFO<h1>登录成功</h1>
2020-04-16 13:36:26,016 test_excel_userlogin.py[line:20]INFO======用户登陆功能测试=============
2020-04-16 13:36:26,095 test_excel_userlogin.py[line:30]INFO<h1>失败，用户不存在</h1>
2020-04-16 13:36:26,171 test_excel_userlogin.py[line:20]INFO======用户登陆功能测试=============
2020-04-16 13:36:26,223 test_excel_userlogin.py[line:30]INFO<h1>失败，用户不存在</h1>
2020-04-16 13:36:26,239 test_excel_userlogin.py[line:20]INFO======用户登陆功能测试=============
2020-04-16 13:36:26,321 test_excel_userlogin.py[line:30]INFO<h1>失败，用户不存在</h1>
2020-04-20 14:49:38,454 test_excel_userlogin.py[line:20]INFO======用户登陆功能测试=============
2020-04-20 14:49:38,525 test_excel_userlogin.py[line:30]INFO<h1>登录成功</h1>
2020-04-20 14:49:38,613 test_excel_userlogin.py[line:20]INFO======用户登陆功能测试=============
2020-04-20 14:49:38,669 test_excel_userlogin.py[line:30]INFO<h1>失败，用户名或密码错误</h1>
2020-04-20 14:49:38,676 test_excel_userlogin.py[line:20]INFO======用户登陆功能测试=============
2020-04-20 14:49:38,745 test_excel_userlogin.py[line:30]INFO<h1>失败，用户不存在</h1>
2020-04-20 14:50:03,497 test_excel_userlogin.py[line:20]INFO======用户登陆功能测试=============
2020-04-20 14:50:03,581 test_excel_userlogin.py[line:30]INFO<h1>登录成功</h1>
2020-04-20 14:50:03,655 test_excel_userlogin.py[line:20]INFO======用户登陆功能测试=============
2020-04-20 14:50:03,716 test_excel_userlogin.py[line:30]INFO<h1>失败，用户名或密码错误</h1>
2020-04-20 14:50:03,725 test_excel_userlogin.py[line:20]INFO======用户登陆功能测试=============
2020-04-20 14:50:03,796 test_excel_userlogin.py[line:30]INFO<h1>失败，用户不存在</h1>
2020-04-20 14:51:34,859 test_excel_userlogin.py[line:20]INFO======用户登陆功能测试=============
2020-04-20 14:51:34,968 test_excel_userlogin.py[line:30]INFO<h1>登录成功</h1>
2020-04-20 14:51:35,111 test_excel_userlogin.py[line:20]INFO======用户登陆功能测试=============
2020-04-20 14:51:35,161 test_excel_userlogin.py[line:30]INFO<h1>失败，用户名或密码错误</h1>
2020-04-20 14:51:35,180 test_excel_userlogin.py[line:20]INFO======用户登陆功能测试=============
2020-04-20 14:51:35,239 test_excel_userlogin.py[line:30]INFO<h1>失败，用户不存在</h1>
2020-04-20 14:54:37,009 test_excel_userlogin.py[line:20]INFO======用户登陆功能测试=============
2020-04-20 14:54:37,094 test_excel_userlogin.py[line:30]INFO<h1>登录成功</h1>
2020-04-20 14:54:37,179 test_excel_userlogin.py[line:20]INFO======用户登陆功能测试=============
2020-04-20 14:54:37,242 test_excel_userlogin.py[line:30]INFO<h1>失败，用户名或密码错误</h1>
2020-04-20 14:54:37,281 test_excel_userlogin.py[line:20]INFO======用户登陆功能测试=============
2020-04-20 14:54:37,341 test_excel_userlogin.py[line:30]INFO<h1>失败，用户不存在</h1>
2020-04-20 14:55:58,089 test_excel_userlogin.py[line:20]INFO======用户登陆功能测试=============
2020-04-20 14:55:58,186 test_excel_userlogin.py[line:30]INFO<h1>登录成功</h1>
2020-04-20 14:55:58,189 test_excel_userlogin.py[line:20]INFO======用户登陆功能测试=============
2020-04-20 14:55:58,237 test_excel_userlogin.py[line:30]INFO<h1>失败，用户名或密码错误</h1>
2020-04-20 14:55:58,239 test_excel_userlogin.py[line:20]INFO======用户登陆功能测试=============
2020-04-20 14:55:58,295 test_excel_userlogin.py[line:30]INFO<h1>失败，用户不存在</h1>
2020-04-20 15:00:14,105 test_excel_userlogin.py[line:20]INFO======用户登陆功能测试=============
2020-04-20 15:00:14,168 test_excel_userlogin.py[line:31]INFO<h1>登录成功</h1>
2020-04-20 15:00:14,176 test_excel_userlogin.py[line:20]INFO======用户登陆功能测试=============
2020-04-20 15:00:14,228 test_excel_userlogin.py[line:31]INFO<h1>失败，用户名或密码错误</h1>
2020-04-20 15:00:14,233 test_excel_userlogin.py[line:20]INFO======用户登陆功能测试=============
2020-04-20 15:00:14,276 test_excel_userlogin.py[line:31]INFO<h1>失败，用户不存在</h1>
2020-04-20 15:03:22,114 test_excel_userlogin.py[line:20]INFO======用户登陆功能测试=============
2020-04-20 15:03:22,190 test_excel_userlogin.py[line:20]INFO======用户登陆功能测试=============
2020-04-20 15:03:22,246 test_excel_userlogin.py[line:20]INFO======用户登陆功能测试=============
2020-04-20 15:04:41,251 test_excel_userlogin.py[line:20]INFO======用户登陆功能测试=============
2020-04-20 15:04:41,322 test_excel_userlogin.py[line:20]INFO======用户登陆功能测试=============
2020-04-20 15:04:41,400 test_excel_userlogin.py[line:20]INFO======用户登陆功能测试=============
2020-04-20 15:08:44,355 test_excel_userlogin.py[line:20]INFO======用户登陆功能测试=============
2020-04-20 15:08:44,434 test_excel_userlogin.py[line:30]INFO<Response [200]>
2020-04-20 15:08:44,439 test_excel_userlogin.py[line:20]INFO======用户登陆功能测试=============
2020-04-20 15:08:44,510 test_excel_userlogin.py[line:30]INFO<Response [200]>
2020-04-20 15:08:44,513 test_excel_userlogin.py[line:20]INFO======用户登陆功能测试=============
2020-04-20 15:08:44,574 test_excel_userlogin.py[line:30]INFO<Response [200]>
2020-04-20 15:18:33,193 test_excel_userlogin.py[line:20]INFO======用户登陆功能测试=============
2020-04-20 15:18:33,283 test_excel_userlogin.py[line:30]INFO<Response [200]>
2020-04-20 15:18:33,393 test_excel_userlogin.py[line:20]INFO======用户登陆功能测试=============
2020-04-20 15:18:33,439 test_excel_userlogin.py[line:30]INFO<Response [200]>
2020-04-20 15:18:33,490 test_excel_userlogin.py[line:20]INFO======用户登陆功能测试=============
2020-04-20 15:18:33,547 test_excel_userlogin.py[line:30]INFO<Response [200]>
2020-04-20 15:30:17,878 test_excel_userlogin.py[line:20]INFO======用户登陆功能测试=============
2020-04-20 15:30:17,940 test_excel_userlogin.py[line:30]INFO<Response [200]>
2020-04-20 15:30:17,951 test_excel_userlogin.py[line:20]INFO======用户登陆功能测试=============
2020-04-20 15:30:18,019 test_excel_userlogin.py[line:30]INFO<Response [200]>
2020-04-20 15:30:18,021 test_excel_userlogin.py[line:20]INFO======用户登陆功能测试=============
2020-04-20 15:30:18,082 test_excel_userlogin.py[line:30]INFO<Response [200]>
2020-04-20 15:38:37,213 test_excel_userlogin.py[line:20]INFO======用户登陆功能测试=============
2020-04-20 15:38:37,400 test_excel_userlogin.py[line:20]INFO======用户登陆功能测试=============
2020-04-20 15:38:37,466 test_excel_userlogin.py[line:20]INFO======用户登陆功能测试=============
2020-04-20 15:39:30,997 test_excel_userlogin.py[line:20]INFO======用户登陆功能测试=============
2020-04-20 15:39:31,143 test_excel_userlogin.py[line:20]INFO======用户登陆功能测试=============
2020-04-20 15:39:31,220 test_excel_userlogin.py[line:20]INFO======用户登陆功能测试=============
2020-04-20 15:45:28,305 test_excel_userlogin.py[line:20]INFO======用户登陆功能测试=============
2020-04-20 15:45:28,448 test_excel_userlogin.py[line:20]INFO======用户登陆功能测试=============
2020-04-20 15:45:28,526 test_excel_userlogin.py[line:20]INFO======用户登陆功能测试=============
2020-04-20 15:46:29,768 test_excel_userlogin.py[line:20]INFO======用户登陆功能测试=============
2020-04-20 15:46:29,899 test_excel_userlogin.py[line:20]INFO======用户登陆功能测试=============
2020-04-20 15:46:29,974 test_excel_userlogin.py[line:20]INFO======用户登陆功能测试=============
2020-04-20 16:15:06,977 test_excel_userlogin.py[line:20]INFO======用户登陆功能测试=============
2020-04-20 16:15:07,037 test_excel_userlogin.py[line:30]INFO<Response [200]>
2020-04-20 16:15:07,043 test_excel_userlogin.py[line:20]INFO======用户登陆功能测试=============
2020-04-20 16:15:07,100 test_excel_userlogin.py[line:30]INFO<Response [200]>
2020-04-20 16:15:07,104 test_excel_userlogin.py[line:20]INFO======用户登陆功能测试=============
2020-04-20 16:15:07,161 test_excel_userlogin.py[line:30]INFO<Response [200]>
2020-04-20 16:15:42,712 test_excel_userlogin.py[line:20]INFO======用户登陆功能测试=============
2020-04-20 16:15:42,778 test_excel_userlogin.py[line:30]INFO<Response [200]>
2020-04-20 16:15:42,784 test_excel_userlogin.py[line:20]INFO======用户登陆功能测试=============
2020-04-20 16:15:42,847 test_excel_userlogin.py[line:30]INFO<Response [200]>
2020-04-20 16:15:42,850 test_excel_userlogin.py[line:20]INFO======用户登陆功能测试=============
2020-04-20 16:15:42,902 test_excel_userlogin.py[line:30]INFO<Response [200]>
2020-04-20 16:28:56,409 test_excel_userlogin.py[line:20]INFO======用户登陆功能测试=============
2020-04-20 16:28:56,476 test_excel_userlogin.py[line:30]INFO<Response [200]>
2020-04-20 16:28:56,479 test_excel_userlogin.py[line:20]INFO======用户登陆功能测试=============
2020-04-20 16:28:56,525 test_excel_userlogin.py[line:30]INFO<Response [200]>
2020-04-20 16:28:56,528 test_excel_userlogin.py[line:20]INFO======用户登陆功能测试=============
2020-04-20 16:28:56,580 test_excel_userlogin.py[line:30]INFO<Response [200]>
2020-04-20 16:32:14,862 test_excel_userlogin.py[line:20]INFO======用户登陆功能测试=============
2020-04-20 16:32:15,041 test_excel_userlogin.py[line:20]INFO======用户登陆功能测试=============
2020-04-20 16:32:15,625 test_excel_userlogin.py[line:20]INFO======用户登陆功能测试=============
2020-04-20 16:32:51,900 test_excel_userlogin.py[line:20]INFO======用户登陆功能测试=============
2020-04-20 16:32:53,103 test_excel_userlogin.py[line:20]INFO======用户登陆功能测试=============
2020-04-20 16:32:53,212 test_excel_userlogin.py[line:20]INFO======用户登陆功能测试=============
2020-04-20 16:34:16,963 test_excel_userlogin.py[line:20]INFO======用户登陆功能测试=============
2020-04-20 16:34:17,154 test_excel_userlogin.py[line:20]INFO======用户登陆功能测试=============
2020-04-20 16:34:17,247 test_excel_userlogin.py[line:20]INFO======用户登陆功能测试=============
2020-04-20 18:54:09,284 test_excel_userlogin.py[line:20]INFO======用户登陆功能测试=============
2020-04-20 18:54:09,372 test_excel_userlogin.py[line:29]INFO<Response [200]>
2020-04-20 18:54:09,374 test_excel_userlogin.py[line:20]INFO======用户登陆功能测试=============
2020-04-20 18:54:09,435 test_excel_userlogin.py[line:29]INFO<Response [200]>
2020-04-20 18:54:09,437 test_excel_userlogin.py[line:20]INFO======用户登陆功能测试=============
2020-04-20 18:54:09,505 test_excel_userlogin.py[line:29]INFO<Response [200]>
2020-04-21 15:14:43,029 test_excel_userlogin.py[line:20]INFO======用户登陆功能测试=============
2020-04-21 15:14:43,117 test_excel_userlogin.py[line:29]INFO<Response [200]>
2020-04-21 15:14:43,119 test_excel_userlogin.py[line:20]INFO======用户登陆功能测试=============
2020-04-21 15:14:43,160 test_excel_userlogin.py[line:29]INFO<Response [200]>
2020-04-21 15:14:43,162 test_excel_userlogin.py[line:20]INFO======用户登陆功能测试=============
2020-04-21 15:14:43,230 test_excel_userlogin.py[line:29]INFO<Response [200]>
2020-04-21 16:48:13,458 test_excel_userlogin.py[line:20]INFO======用户登陆功能测试=============
2020-04-21 16:48:13,522 test_excel_userlogin.py[line:29]INFO<Response [200]>
2020-04-21 16:48:13,527 test_excel_userlogin.py[line:20]INFO======用户登陆功能测试=============
2020-04-21 16:48:13,609 test_excel_userlogin.py[line:29]INFO<Response [200]>
2020-04-21 16:48:13,611 test_excel_userlogin.py[line:20]INFO======用户登陆功能测试=============
2020-04-21 16:48:13,651 test_excel_userlogin.py[line:29]INFO<Response [200]>
2020-04-22 15:26:51,819 test_excel_userlogin.py[line:21]INFO======用户登陆功能测试=============
2020-04-22 15:26:51,972 test_excel_userlogin.py[line:30]INFO<Response [200]>
2020-04-22 15:26:52,037 test_excel_userlogin.py[line:21]INFO======用户登陆功能测试=============
2020-04-22 15:26:52,102 test_excel_userlogin.py[line:30]INFO<Response [200]>
2020-04-22 15:26:52,117 test_excel_userlogin.py[line:21]INFO======用户登陆功能测试=============
2020-04-22 15:26:52,174 test_excel_userlogin.py[line:30]INFO<Response [200]>
2020-04-22 15:27:52,498 test_excel_userlogin.py[line:21]INFO======用户登陆功能测试=============
2020-04-22 15:27:52,586 test_excel_userlogin.py[line:30]INFO<Response [200]>
2020-04-22 15:27:52,680 test_excel_userlogin.py[line:21]INFO======用户登陆功能测试=============
2020-04-22 15:27:52,730 test_excel_userlogin.py[line:30]INFO<Response [200]>
2020-04-22 15:27:52,776 test_excel_userlogin.py[line:21]INFO======用户登陆功能测试=============
2020-04-22 15:27:52,848 test_excel_userlogin.py[line:30]INFO<Response [200]>
2020-04-22 15:31:13,520 test_excel_userlogin.py[line:21]INFO======用户登陆功能测试=============
2020-04-22 15:31:13,603 test_excel_userlogin.py[line:30]INFO<Response [200]>
2020-04-22 15:31:13,674 test_excel_userlogin.py[line:21]INFO======用户登陆功能测试=============
2020-04-22 15:31:13,729 test_excel_userlogin.py[line:30]INFO<Response [200]>
2020-04-22 15:31:13,739 test_excel_userlogin.py[line:21]INFO======用户登陆功能测试=============
2020-04-22 15:31:13,787 test_excel_userlogin.py[line:30]INFO<Response [200]>
2020-04-22 15:36:58,773 test_excel_userlogin.py[line:21]INFO======用户登陆功能测试=============
2020-04-22 15:36:58,857 test_excel_userlogin.py[line:30]INFO<Response [200]>
2020-04-22 15:36:58,916 test_excel_userlogin.py[line:21]INFO======用户登陆功能测试=============
2020-04-22 15:36:58,970 test_excel_userlogin.py[line:30]INFO<Response [200]>
2020-04-22 15:36:58,984 test_excel_userlogin.py[line:21]INFO======用户登陆功能测试=============
2020-04-22 15:36:59,042 test_excel_userlogin.py[line:30]INFO<Response [200]>
2020-04-22 15:38:39,245 test_excel_userlogin.py[line:21]INFO======用户登陆功能测试=============
2020-04-22 15:38:39,342 test_excel_userlogin.py[line:30]INFO<Response [200]>
2020-04-22 15:38:39,399 test_excel_userlogin.py[line:21]INFO======用户登陆功能测试=============
2020-04-22 15:38:39,451 test_excel_userlogin.py[line:30]INFO<Response [200]>
2020-04-22 15:38:39,467 test_excel_userlogin.py[line:21]INFO======用户登陆功能测试=============
2020-04-22 15:38:39,513 test_excel_userlogin.py[line:30]INFO<Response [200]>
2020-04-22 15:48:23,200 test_excel_userlogin.py[line:21]INFO======用户登陆功能测试=============
2020-04-22 15:48:23,315 test_excel_userlogin.py[line:30]INFO<Response [200]>
2020-04-22 15:48:23,370 test_excel_userlogin.py[line:21]INFO======用户登陆功能测试=============
2020-04-22 15:48:23,430 test_excel_userlogin.py[line:30]INFO<Response [200]>
2020-04-22 15:48:23,444 test_excel_userlogin.py[line:21]INFO======用户登陆功能测试=============
2020-04-22 15:48:23,493 test_excel_userlogin.py[line:30]INFO<Response [200]>
2020-04-22 15:50:57,488 test_excel_userlogin.py[line:23]INFO======用户登陆功能测试=============
2020-04-22 15:50:57,568 test_excel_userlogin.py[line:32]INFO<Response [200]>
2020-04-22 15:50:57,675 test_excel_userlogin.py[line:23]INFO======用户登陆功能测试=============
2020-04-22 15:50:57,747 test_excel_userlogin.py[line:32]INFO<Response [200]>
2020-04-22 15:50:57,762 test_excel_userlogin.py[line:23]INFO======用户登陆功能测试=============
2020-04-22 15:50:57,811 test_excel_userlogin.py[line:32]INFO<Response [200]>
2020-04-22 15:54:16,889 test_excel_userlogin.py[line:21]INFO======用户登陆功能测试=============
2020-04-22 15:54:17,011 test_excel_userlogin.py[line:31]INFO<Response [200]>
2020-04-22 15:54:17,123 test_excel_userlogin.py[line:21]INFO======用户登陆功能测试=============
2020-04-22 15:54:17,217 test_excel_userlogin.py[line:31]INFO<Response [200]>
2020-04-22 15:54:17,281 test_excel_userlogin.py[line:21]INFO======用户登陆功能测试=============
2020-04-22 15:54:17,346 test_excel_userlogin.py[line:31]INFO<Response [200]>
2020-04-22 15:56:01,904 test_excel_userlogin.py[line:21]INFO======用户登陆功能测试=============
2020-04-22 15:56:02,006 test_excel_userlogin.py[line:31]INFO<Response [200]>
2020-04-22 15:56:02,121 test_excel_userlogin.py[line:21]INFO======用户登陆功能测试=============
2020-04-22 15:56:02,175 test_excel_userlogin.py[line:31]INFO<Response [200]>
2020-04-22 15:56:02,233 test_excel_userlogin.py[line:21]INFO======用户登陆功能测试=============
2020-04-22 15:56:02,287 test_excel_userlogin.py[line:31]INFO<Response [200]>
2020-04-22 15:56:37,394 test_excel_userlogin.py[line:21]INFO======用户登陆功能测试=============
2020-04-22 15:56:37,482 test_excel_userlogin.py[line:31]INFO<Response [200]>
2020-04-22 15:56:37,594 test_excel_userlogin.py[line:21]INFO======用户登陆功能测试=============
2020-04-22 15:56:37,644 test_excel_userlogin.py[line:31]INFO<Response [200]>
2020-04-22 15:56:37,735 test_excel_userlogin.py[line:21]INFO======用户登陆功能测试=============
2020-04-22 15:56:37,792 test_excel_userlogin.py[line:31]INFO<Response [200]>
2020-04-22 16:02:08,731 test_excel_userlogin.py[line:21]INFO======用户登陆功能测试=============
2020-04-22 16:02:08,813 test_excel_userlogin.py[line:32]INFO<Response [200]>
2020-04-22 16:02:08,821 test_excel_userlogin.py[line:21]INFO======用户登陆功能测试=============
2020-04-22 16:02:08,922 test_excel_userlogin.py[line:32]INFO<Response [200]>
2020-04-22 16:02:08,928 test_excel_userlogin.py[line:21]INFO======用户登陆功能测试=============
2020-04-22 16:02:09,015 test_excel_userlogin.py[line:32]INFO<Response [200]>
2020-04-22 16:02:58,624 test_excel_userlogin.py[line:21]INFO======用户登陆功能测试=============
2020-04-22 16:02:58,708 test_excel_userlogin.py[line:32]INFO<Response [200]>
2020-04-22 16:02:58,875 test_excel_userlogin.py[line:21]INFO======用户登陆功能测试=============
2020-04-22 16:02:58,924 test_excel_userlogin.py[line:32]INFO<Response [200]>
2020-04-22 16:02:58,991 test_excel_userlogin.py[line:21]INFO======用户登陆功能测试=============
2020-04-22 16:02:59,038 test_excel_userlogin.py[line:32]INFO<Response [200]>
2020-04-22 16:03:41,843 test_excel_userlogin.py[line:21]INFO======用户登陆功能测试=============
2020-04-22 16:03:41,937 test_excel_userlogin.py[line:32]INFO<Response [200]>
2020-04-22 16:03:42,105 test_excel_userlogin.py[line:21]INFO======用户登陆功能测试=============
2020-04-22 16:03:42,187 test_excel_userlogin.py[line:32]INFO<Response [200]>
2020-04-22 16:03:42,251 test_excel_userlogin.py[line:21]INFO======用户登陆功能测试=============
2020-04-22 16:03:42,342 test_excel_userlogin.py[line:32]INFO<Response [200]>
2020-04-22 16:03:57,934 test_excel_userlogin.py[line:21]INFO======用户登陆功能测试=============
2020-04-22 16:03:58,006 test_excel_userlogin.py[line:32]INFO<Response [200]>
2020-04-22 16:03:58,199 test_excel_userlogin.py[line:21]INFO======用户登陆功能测试=============
2020-04-22 16:03:58,261 test_excel_userlogin.py[line:32]INFO<Response [200]>
2020-04-22 16:03:58,324 test_excel_userlogin.py[line:21]INFO======用户登陆功能测试=============
2020-04-22 16:03:58,369 test_excel_userlogin.py[line:32]INFO<Response [200]>
2020-04-22 16:07:51,885 test_excel_userlogin.py[line:21]INFO======用户登陆功能测试=============
2020-04-22 16:07:51,972 test_excel_userlogin.py[line:32]INFO<Response [200]>
2020-04-22 16:07:52,074 test_excel_userlogin.py[line:21]INFO======用户登陆功能测试=============
2020-04-22 16:07:52,124 test_excel_userlogin.py[line:32]INFO<Response [200]>
2020-04-22 16:07:52,140 test_excel_userlogin.py[line:21]INFO======用户登陆功能测试=============
2020-04-22 16:07:52,194 test_excel_userlogin.py[line:32]INFO<Response [200]>
2020-04-22 16:17:36,395 test_excel_userlogin.py[line:21]INFO======用户登陆功能测试=============
2020-04-22 16:17:36,504 test_excel_userlogin.py[line:32]INFO<Response [200]>
2020-04-22 16:17:36,512 test_excel_userlogin.py[line:21]INFO======用户登陆功能测试=============
2020-04-22 16:17:36,572 test_excel_userlogin.py[line:32]INFO<Response [200]>
2020-04-22 16:17:36,584 test_excel_userlogin.py[line:21]INFO======用户登陆功能测试=============
2020-04-22 16:17:36,644 test_excel_userlogin.py[line:32]INFO<Response [200]>
2020-04-22 16:24:03,457 test_excel_userlogin.py[line:21]INFO======用户登陆功能测试=============
2020-04-22 16:24:03,548 test_excel_userlogin.py[line:32]INFO<Response [200]>
2020-04-22 16:24:03,650 test_excel_userlogin.py[line:21]INFO======用户登陆功能测试=============
2020-04-22 16:24:03,705 test_excel_userlogin.py[line:32]INFO<Response [200]>
2020-04-22 16:24:03,744 test_excel_userlogin.py[line:21]INFO======用户登陆功能测试=============
2020-04-22 16:24:03,805 test_excel_userlogin.py[line:32]INFO<Response [200]>
2020-04-22 16:24:33,301 test_excel_userlogin.py[line:21]INFO======用户登陆功能测试=============
2020-04-22 16:24:33,372 test_excel_userlogin.py[line:32]INFO<Response [200]>
2020-04-22 16:24:33,383 test_excel_userlogin.py[line:21]INFO======用户登陆功能测试=============
2020-04-22 16:24:33,449 test_excel_userlogin.py[line:32]INFO<Response [200]>
2020-04-22 16:24:33,459 test_excel_userlogin.py[line:21]INFO======用户登陆功能测试=============
2020-04-22 16:24:33,512 test_excel_userlogin.py[line:32]INFO<Response [200]>
2020-04-22 16:30:04,824 test_excel_userlogin.py[line:21]INFO======用户登陆功能测试=============
2020-04-22 16:30:04,918 test_excel_userlogin.py[line:32]INFO<Response [200]>
2020-04-22 16:30:04,937 test_excel_userlogin.py[line:21]INFO======用户登陆功能测试=============
2020-04-22 16:30:04,986 test_excel_userlogin.py[line:32]INFO<Response [200]>
2020-04-22 16:30:05,002 test_excel_userlogin.py[line:21]INFO======用户登陆功能测试=============
2020-04-22 16:30:05,073 test_excel_userlogin.py[line:32]INFO<Response [200]>
2020-04-22 16:30:48,610 test_excel_userlogin.py[line:21]INFO======用户登陆功能测试=============
2020-04-22 16:30:48,706 test_excel_userlogin.py[line:32]INFO<Response [200]>
2020-04-22 16:30:48,728 test_excel_userlogin.py[line:21]INFO======用户登陆功能测试=============
2020-04-22 16:30:48,802 test_excel_userlogin.py[line:32]INFO<Response [200]>
2020-04-22 16:30:48,810 test_excel_userlogin.py[line:21]INFO======用户登陆功能测试=============
2020-04-22 16:30:48,875 test_excel_userlogin.py[line:32]INFO<Response [200]>
2020-04-22 16:31:19,738 test_excel_userlogin.py[line:21]INFO======用户登陆功能测试=============
2020-04-22 16:31:19,816 test_excel_userlogin.py[line:32]INFO<Response [200]>
2020-04-22 16:31:19,827 test_excel_userlogin.py[line:21]INFO======用户登陆功能测试=============
2020-04-22 16:31:19,905 test_excel_userlogin.py[line:32]INFO<Response [200]>
2020-04-22 16:31:19,913 test_excel_userlogin.py[line:21]INFO======用户登陆功能测试=============
2020-04-22 16:31:19,968 test_excel_userlogin.py[line:32]INFO<Response [200]>
2020-04-22 16:52:16,594 test_excel_userlogin.py[line:24]INFO======用户登陆功能测试=============
2020-04-22 16:52:16,681 test_excel_userlogin.py[line:35]INFO<Response [200]>
2020-04-22 16:52:16,767 test_excel_userlogin.py[line:24]INFO======用户登陆功能测试=============
2020-04-22 16:52:16,836 test_excel_userlogin.py[line:35]INFO<Response [200]>
2020-04-22 16:52:16,859 test_excel_userlogin.py[line:24]INFO======用户登陆功能测试=============
2020-04-22 16:52:16,920 test_excel_userlogin.py[line:35]INFO<Response [200]>
2020-04-22 16:52:32,963 test_excel_userlogin.py[line:24]INFO======用户登陆功能测试=============
2020-04-22 16:52:33,030 test_excel_userlogin.py[line:35]INFO<Response [200]>
2020-04-22 16:52:33,153 test_excel_userlogin.py[line:24]INFO======用户登陆功能测试=============
2020-04-22 16:52:33,248 test_excel_userlogin.py[line:35]INFO<Response [200]>
2020-04-22 16:52:33,264 test_excel_userlogin.py[line:24]INFO======用户登陆功能测试=============
2020-04-22 16:52:33,322 test_excel_userlogin.py[line:35]INFO<Response [200]>
2020-04-22 16:54:46,155 test_excel_userlogin.py[line:24]INFO======用户登陆功能测试=============
2020-04-22 16:54:46,421 test_excel_userlogin.py[line:35]INFO<Response [200]>
2020-04-22 16:54:46,441 test_excel_userlogin.py[line:24]INFO======用户登陆功能测试=============
2020-04-22 16:54:46,524 test_excel_userlogin.py[line:35]INFO<Response [200]>
2020-04-22 16:54:46,542 test_excel_userlogin.py[line:24]INFO======用户登陆功能测试=============
2020-04-22 16:54:46,596 test_excel_userlogin.py[line:35]INFO<Response [200]>
2020-04-22 16:55:53,544 test_excel_userlogin.py[line:24]INFO======用户登陆功能测试=============
2020-04-22 16:55:53,610 test_excel_userlogin.py[line:35]INFO<Response [200]>
2020-04-22 16:55:53,632 test_excel_userlogin.py[line:24]INFO======用户登陆功能测试=============
2020-04-22 16:55:53,680 test_excel_userlogin.py[line:35]INFO<Response [200]>
2020-04-22 16:55:53,695 test_excel_userlogin.py[line:24]INFO======用户登陆功能测试=============
2020-04-22 16:55:53,760 test_excel_userlogin.py[line:35]INFO<Response [200]>
2020-04-23 14:15:37,438 test_excel_userlogin.py[line:24]INFO======用户登陆功能测试=============
2020-04-23 14:15:37,525 test_excel_userlogin.py[line:35]INFO<Response [200]>
2020-04-23 14:15:37,641 test_excel_userlogin.py[line:24]INFO======用户登陆功能测试=============
2020-04-23 14:15:37,690 test_excel_userlogin.py[line:35]INFO<Response [200]>
2020-04-23 14:15:37,737 test_excel_userlogin.py[line:24]INFO======用户登陆功能测试=============
2020-04-23 14:15:37,783 test_excel_userlogin.py[line:35]INFO<Response [200]>
2020-04-23 14:24:48,515 test_excel_userlogin.py[line:24]INFO======用户登陆功能测试=============
2020-04-23 14:24:48,623 test_excel_userlogin.py[line:35]INFO<Response [200]>
2020-04-23 14:24:48,652 test_excel_userlogin.py[line:24]INFO======用户登陆功能测试=============
2020-04-23 14:24:48,715 test_excel_userlogin.py[line:35]INFO<Response [200]>
2020-04-23 14:24:48,739 test_excel_userlogin.py[line:24]INFO======用户登陆功能测试=============
2020-04-23 14:24:48,829 test_excel_userlogin.py[line:35]INFO<Response [200]>
2020-04-23 15:10:57,308 test_excel_userlogin.py[line:24]INFO======用户登陆功能测试=============
2020-04-23 15:10:57,388 test_excel_userlogin.py[line:35]INFO<Response [200]>
2020-04-23 15:10:57,391 test_excel_userlogin.py[line:24]INFO======用户登陆功能测试=============
2020-04-23 15:10:57,437 test_excel_userlogin.py[line:35]INFO<Response [200]>
2020-04-23 15:10:57,439 test_excel_userlogin.py[line:24]INFO======用户登陆功能测试=============
2020-04-23 15:10:57,505 test_excel_userlogin.py[line:35]INFO<Response [200]>
2020-04-24 19:50:44,082 test_excel_userlogin.py[line:24]INFO======用户登陆功能测试=============
2020-04-24 19:50:52,139 test_excel_userlogin.py[line:35]INFO<Response [200]>
2020-04-24 19:50:52,141 test_excel_userlogin.py[line:24]INFO======用户登陆功能测试=============
2020-04-24 19:50:52,178 test_excel_userlogin.py[line:35]INFO<Response [200]>
2020-04-24 19:50:52,180 test_excel_userlogin.py[line:24]INFO======用户登陆功能测试=============
2020-04-24 19:50:52,235 test_excel_userlogin.py[line:35]INFO<Response [200]>
2020-04-24 19:51:08,848 test_excel_userlogin.py[line:24]INFO======用户登陆功能测试=============
2020-04-24 19:51:09,985 test_excel_userlogin.py[line:35]INFO<Response [200]>
2020-04-24 19:51:09,988 test_excel_userlogin.py[line:24]INFO======用户登陆功能测试=============
2020-04-24 19:51:10,369 test_excel_userlogin.py[line:35]INFO<Response [200]>
2020-04-24 19:51:10,372 test_excel_userlogin.py[line:24]INFO======用户登陆功能测试=============
2020-04-24 19:51:11,878 test_excel_userlogin.py[line:35]INFO<Response [200]>
2020-04-24 19:51:52,599 test_excel_userlogin.py[line:24]INFO======用户登陆功能测试=============
2020-04-24 19:51:52,678 test_excel_userlogin.py[line:35]INFO<Response [200]>
2020-04-24 19:51:52,681 test_excel_userlogin.py[line:24]INFO======用户登陆功能测试=============
2020-04-24 19:51:52,744 test_excel_userlogin.py[line:35]INFO<Response [200]>
2020-04-24 19:51:52,745 test_excel_userlogin.py[line:24]INFO======用户登陆功能测试=============
2020-04-24 19:51:52,801 test_excel_userlogin.py[line:35]INFO<Response [200]>
2020-04-24 19:52:54,658 test_excel_userlogin.py[line:24]INFO======用户登陆功能测试=============
2020-04-24 19:52:54,728 test_excel_userlogin.py[line:35]INFO<Response [200]>
2020-04-24 19:52:54,730 test_excel_userlogin.py[line:24]INFO======用户登陆功能测试=============
2020-04-24 19:52:54,775 test_excel_userlogin.py[line:35]INFO<Response [200]>
2020-04-24 19:52:54,777 test_excel_userlogin.py[line:24]INFO======用户登陆功能测试=============
2020-04-24 19:52:54,838 test_excel_userlogin.py[line:35]INFO<Response [200]>
2020-04-24 20:48:57,670 test_excel_userlogin.py[line:24]INFO======用户登陆功能测试=============
2020-04-24 20:48:57,729 test_excel_userlogin.py[line:35]INFO<Response [200]>
2020-04-24 20:48:57,734 test_excel_userlogin.py[line:24]INFO======用户登陆功能测试=============
2020-04-24 20:48:57,784 test_excel_userlogin.py[line:35]INFO<Response [200]>
2020-04-24 20:48:57,790 test_excel_userlogin.py[line:24]INFO======用户登陆功能测试=============
2020-04-24 20:48:57,834 test_excel_userlogin.py[line:35]INFO<Response [200]>
2020-04-25 15:08:17,968 test_excel_userlogin.py[line:24]INFO======用户登陆功能测试=============
2020-04-25 15:08:18,053 test_excel_userlogin.py[line:35]INFO<Response [200]>
2020-04-25 15:08:18,059 test_excel_userlogin.py[line:24]INFO======用户登陆功能测试=============
2020-04-25 15:08:18,119 test_excel_userlogin.py[line:35]INFO<Response [200]>
2020-04-25 15:08:18,125 test_excel_userlogin.py[line:24]INFO======用户登陆功能测试=============
2020-04-25 15:08:18,175 test_excel_userlogin.py[line:35]INFO<Response [200]>
2020-04-25 15:25:00,025 test_excel_userlogin.py[line:24]INFO======用户登陆功能测试=============
2020-04-25 15:25:00,100 test_excel_userlogin.py[line:35]INFO<Response [200]>
2020-04-25 15:25:00,102 test_excel_userlogin.py[line:24]INFO======用户登陆功能测试=============
2020-04-25 15:25:00,142 test_excel_userlogin.py[line:35]INFO<Response [200]>
2020-04-25 15:25:00,143 test_excel_userlogin.py[line:24]INFO======用户登陆功能测试=============
2020-04-25 15:25:00,188 test_excel_userlogin.py[line:35]INFO<Response [200]>
2020-04-27 14:26:20,772 test_excel_userlogin.py[line:24]INFO======用户登陆功能测试=============
2020-04-27 14:26:20,853 test_excel_userlogin.py[line:35]INFO<Response [200]>
2020-04-27 14:26:20,856 test_excel_userlogin.py[line:24]INFO======用户登陆功能测试=============
2020-04-27 14:26:20,911 test_excel_userlogin.py[line:24]INFO======用户登陆功能测试=============
2020-04-27 14:26:20,963 test_excel_userlogin.py[line:35]INFO<Response [200]>
2020-04-27 14:27:13,268 test_excel_userlogin.py[line:24]INFO======用户登陆功能测试=============
2020-04-27 14:27:13,328 test_excel_userlogin.py[line:35]INFO<Response [200]>
2020-04-27 14:27:13,331 test_excel_userlogin.py[line:24]INFO======用户登陆功能测试=============
2020-04-27 14:27:13,381 test_excel_userlogin.py[line:35]INFO<Response [200]>
2020-04-27 14:27:13,385 test_excel_userlogin.py[line:24]INFO======用户登陆功能测试=============
2020-04-27 14:27:13,438 test_excel_userlogin.py[line:35]INFO<Response [200]>
2020-04-27 14:33:23,006 test_excel_userlogin.py[line:24]INFO======用户登陆功能测试=============
2020-04-27 14:33:23,077 test_excel_userlogin.py[line:35]INFO<Response [200]>
2020-04-27 14:33:23,081 test_excel_userlogin.py[line:24]INFO======用户登陆功能测试=============
2020-04-27 14:33:23,136 test_excel_userlogin.py[line:35]INFO<Response [200]>
2020-04-27 14:33:23,140 test_excel_userlogin.py[line:24]INFO======用户登陆功能测试=============
2020-04-27 14:33:23,193 test_excel_userlogin.py[line:35]INFO<Response [200]>
2020-04-27 14:34:19,953 test_excel_userlogin.py[line:24]INFO======用户登陆功能测试=============
2020-04-27 14:34:20,020 test_excel_userlogin.py[line:35]INFO<Response [200]>
2020-04-27 14:34:20,023 test_excel_userlogin.py[line:24]INFO======用户登陆功能测试=============
2020-04-27 14:34:20,077 test_excel_userlogin.py[line:35]INFO<Response [200]>
2020-04-27 14:34:20,080 test_excel_userlogin.py[line:24]INFO======用户登陆功能测试=============
2020-04-27 14:34:20,135 test_excel_userlogin.py[line:35]INFO<Response [200]>
2020-04-27 14:34:28,958 test_excel_userlogin.py[line:24]INFO======用户登陆功能测试=============
2020-04-27 14:34:29,026 test_excel_userlogin.py[line:35]INFO<Response [200]>
2020-04-27 14:34:29,030 test_excel_userlogin.py[line:24]INFO======用户登陆功能测试=============
2020-04-27 14:34:29,099 test_excel_userlogin.py[line:35]INFO<Response [200]>
2020-04-27 14:34:29,102 test_excel_userlogin.py[line:24]INFO======用户登陆功能测试=============
2020-04-27 14:34:29,149 test_excel_userlogin.py[line:35]INFO<Response [200]>
2020-04-27 14:46:31,618 test_excel_userlogin.py[line:24]INFO======用户登陆功能测试=============
2020-04-27 14:46:31,701 test_excel_userlogin.py[line:35]INFO<Response [200]>
2020-04-27 14:46:31,705 test_excel_userlogin.py[line:24]INFO======用户登陆功能测试=============
2020-04-27 14:46:31,749 test_excel_userlogin.py[line:35]INFO<Response [200]>
2020-04-27 14:46:31,753 test_excel_userlogin.py[line:24]INFO======用户登陆功能测试=============
2020-04-27 14:46:31,817 test_excel_userlogin.py[line:35]INFO<Response [200]>
2020-04-27 14:48:59,914 test_excel_userlogin.py[line:24]INFO======用户登陆功能测试=============
2020-04-27 14:48:59,995 test_excel_userlogin.py[line:35]INFO<Response [200]>
2020-04-27 14:48:59,999 test_excel_userlogin.py[line:24]INFO======用户登陆功能测试=============
2020-04-27 14:49:00,061 test_excel_userlogin.py[line:35]INFO<Response [200]>
2020-04-27 14:49:00,065 test_excel_userlogin.py[line:24]INFO======用户登陆功能测试=============
2020-04-27 14:49:00,119 test_excel_userlogin.py[line:35]INFO<Response [200]>
2020-04-27 14:49:27,844 test_excel_userlogin.py[line:24]INFO======用户登陆功能测试=============
2020-04-27 14:49:27,899 test_excel_userlogin.py[line:24]INFO======用户登陆功能测试=============
2020-04-27 14:49:27,993 test_excel_userlogin.py[line:35]INFO<Response [200]>
2020-04-27 14:49:27,995 test_excel_userlogin.py[line:24]INFO======用户登陆功能测试=============
2020-04-27 14:49:28,093 test_excel_userlogin.py[line:35]INFO<Response [200]>
2020-04-27 14:50:00,334 test_excel_userlogin.py[line:24]INFO======用户登陆功能测试=============
2020-04-27 14:50:00,401 test_excel_userlogin.py[line:35]INFO<Response [200]>
2020-04-27 14:50:00,404 test_excel_userlogin.py[line:24]INFO======用户登陆功能测试=============
2020-04-27 14:50:00,451 test_excel_userlogin.py[line:35]INFO<Response [200]>
2020-04-27 14:50:00,453 test_excel_userlogin.py[line:24]INFO======用户登陆功能测试=============
2020-04-27 14:50:00,502 test_excel_userlogin.py[line:35]INFO<Response [200]>
2020-04-27 14:50:48,059 test_excel_userlogin.py[line:24]INFO======用户登陆功能测试=============
2020-04-27 14:50:48,144 test_excel_userlogin.py[line:35]INFO<Response [200]>
2020-04-27 14:50:48,146 test_excel_userlogin.py[line:24]INFO======用户登陆功能测试=============
2020-04-27 14:50:48,202 test_excel_userlogin.py[line:35]INFO<Response [200]>
2020-04-27 14:50:48,204 test_excel_userlogin.py[line:24]INFO======用户登陆功能测试=============
2020-04-27 14:50:48,256 test_excel_userlogin.py[line:35]INFO<Response [200]>
2020-04-27 14:54:02,396 test_excel_userlogin.py[line:24]INFO======用户登陆功能测试=============
2020-04-27 14:54:02,899 test_excel_userlogin.py[line:35]INFO<Response [200]>
2020-04-27 14:54:02,901 test_excel_userlogin.py[line:24]INFO======用户登陆功能测试=============
2020-04-27 14:54:02,968 test_excel_userlogin.py[line:35]INFO<Response [200]>
2020-04-27 14:54:02,970 test_excel_userlogin.py[line:24]INFO======用户登陆功能测试=============
2020-04-27 14:54:03,030 test_excel_userlogin.py[line:35]INFO<Response [200]>
2020-04-27 14:59:16,392 test_excel_userlogin.py[line:24]INFO======用户登陆功能测试=============
2020-04-27 14:59:16,486 test_excel_userlogin.py[line:35]INFO<Response [200]>
2020-04-27 14:59:16,488 test_excel_userlogin.py[line:24]INFO======用户登陆功能测试=============
2020-04-27 14:59:16,540 test_excel_userlogin.py[line:35]INFO<Response [200]>
2020-04-27 14:59:16,542 test_excel_userlogin.py[line:24]INFO======用户登陆功能测试=============
2020-04-27 14:59:16,595 test_excel_userlogin.py[line:35]INFO<Response [200]>
2020-04-27 14:59:37,952 test_excel_userlogin.py[line:24]INFO======用户登陆功能测试=============
2020-04-27 14:59:39,124 test_excel_userlogin.py[line:35]INFO<Response [200]>
2020-04-27 14:59:39,127 test_excel_userlogin.py[line:24]INFO======用户登陆功能测试=============
2020-04-27 14:59:43,736 test_excel_userlogin.py[line:35]INFO<Response [200]>
2020-04-27 14:59:43,739 test_excel_userlogin.py[line:24]INFO======用户登陆功能测试=============
2020-04-27 14:59:44,307 test_excel_userlogin.py[line:35]INFO<Response [200]>
2020-04-29 14:24:30,250 test_excel_userlogin.py[line:24]INFO======用户登陆功能测试=============
2020-04-29 14:24:30,370 test_excel_userlogin.py[line:35]INFO<Response [200]>
2020-04-29 14:24:30,375 test_excel_userlogin.py[line:24]INFO======用户登陆功能测试=============
2020-04-29 14:24:30,464 test_excel_userlogin.py[line:35]INFO<Response [200]>
2020-04-29 14:24:30,468 test_excel_userlogin.py[line:24]INFO======用户登陆功能测试=============
2020-04-29 14:24:30,526 test_excel_userlogin.py[line:35]INFO<Response [200]>
